<?xml version="1.0" encoding="UTF-8"?>
<testsuite xmlns:xsi="http://www.w3.org/2001/XMLSchema-instance" xsi:noNamespaceSchemaLocation="https://maven.apache.org/surefire/maven-surefire-plugin/xsd/surefire-test-report-3.0.xsd" version="3.0" name="com.mycompany.day2.Day2Test" time="0.026" tests="3" errors="0" skipped="0" failures="0">
  <properties>
[...]
</properties>
  <testcase name="testZero" classname="com.mycompany.day2.Day2Test" time="0.014"/>
  <testcase name="testNegativeNumber" classname="com.mycompany.day2.Day2Test" time="0.001"/>
  <testcase name="testPositiveNumber" classname="com.mycompany.day2.Day2Test" time="0"/>
</testsuite>